-------------------------------------------------------------------------------
Test set: ca.jrvs.apps.twitter.controller.TwitterControllerIntTest
-------------------------------------------------------------------------------
Tests run: 3, Failures: 0, Errors: 3, Skipped: 0, Time elapsed: 0.564 s <<< FAILURE! - in ca.jrvs.apps.twitter.controller.TwitterControllerIntTest
showTweet(ca.jrvs.apps.twitter.controller.TwitterControllerIntTest)  Time elapsed: 0.361 s  <<< ERROR!
java.lang.RuntimeException: Failed to retrieve
	at ca.jrvs.apps.twitter.controller.TwitterControllerIntTest.showTweet(TwitterControllerIntTest.java:48)
Caused by: oauth.signpost.exception.OAuthExpectationFailedException: consumer key not set
	at ca.jrvs.apps.twitter.controller.TwitterControllerIntTest.showTweet(TwitterControllerIntTest.java:48)

deleteTweet(ca.jrvs.apps.twitter.controller.TwitterControllerIntTest)  Time elapsed: 0.005 s  <<< ERROR!
java.lang.RuntimeException: Failed to execute
	at ca.jrvs.apps.twitter.controller.TwitterControllerIntTest.deleteTweet(TwitterControllerIntTest.java:55)
Caused by: oauth.signpost.exception.OAuthExpectationFailedException: consumer key not set
	at ca.jrvs.apps.twitter.controller.TwitterControllerIntTest.deleteTweet(TwitterControllerIntTest.java:55)

postTweet(ca.jrvs.apps.twitter.controller.TwitterControllerIntTest)  Time elapsed: 0.033 s  <<< ERROR!
java.lang.RuntimeException: Failed to execute
	at ca.jrvs.apps.twitter.controller.TwitterControllerIntTest.postTweet(TwitterControllerIntTest.java:41)
Caused by: oauth.signpost.exception.OAuthExpectationFailedException: consumer key not set
	at ca.jrvs.apps.twitter.controller.TwitterControllerIntTest.postTweet(TwitterControllerIntTest.java:41)

